{"logTime": "1007/075229", "correlationVector":"dwgYuQ217UHNcakp6qYjPf.1","action":"SyncServerConnectionManagerRequest", "result":"SYNC_SERVER_OK", "context":{"environment":"Prod_southindia_prod-s01-004-apac-southindia", "migrationStage":"NotStarted", "server":"akswtt01800002d"}}
{"logTime": "1007/075229", "correlationVector":"dwgYuQ217UHNcakp6qYjPf.2","action":"ProcessGetUpdates", "result":"Done", "context":{"dataType":"Encryption Keys", "deleted":"0", "process_failed_to_decrypt":"0", "process_pending_decryption":"0", "process_success":"1", "total":"1"}}
{"logTime": "1007/075230", "correlationVector":"MyHeBBeTSu1KIl/Nk6YAGa","action":"SyncServerConnectionManagerRequest", "result":"SYNC_SERVER_OK", "context":{"environment":"", "migrationStage":"", "server":""}}
{"logTime": "1007/075230", "correlationVector":"MyHeBBeTSu1KIl/Nk6YAGa.0","action":"EncryptionKeysFetcher.DownloadKeys:", "result":"Success", "context":Key count: 1, Last key timestamp: 2025-04-19T15:38:54Z}
{"logTime": "1007/075230", "correlationVector":"MyHeBBeTSu1KIl/Nk6YAGa.1","action":"EncryptionKeysManager::SetEncryptionKeys:", "result":"Success", "context":Key names[1]:[qM+E0IGSzURYiPUsuM3CpkLr62uXfaUrvmqSODSwkatyvfVarkatZhANHpRAQ2VZRc29P6S/XqooMcmlEC0vpQ==]}
{"logTime": "1007/075230", "correlationVector":"MyHeBBeTSu1KIl/Nk6YAGa.2","action":"EncryptionKeysManager::SetEncryptionKeysWithTimestamps:", "result":"Success", "context":Key timestamps[1]:[2025-04-19T15:38:54Z]}
{"logTime": "1007/075230", "correlationVector":"dwgYuQ217UHNcakp6qYjPf","action":"Initial GetUpdates", "result":"", "context":Reason: NEW_CLIENT. cV=dwgYuQ217UHNcakp6qYjPf}
{"logTime": "1007/075230", "correlationVector":"dwgYuQ217UHNcakp6qYjPf.3","action":"GetUpdates Response", "result":"Success", "context":Received 1 update(s). cV=dwgYuQ217UHNcakp6qYjPf.0;server=akswtt01800002d;cloudType=Consumer;environment=Prod_southindia_prod-s01-004-apac-southindia;migrationStage=NotStarted}
{"logTime": "1007/075230", "correlationVector":"bPvuyYmiqY7y3iroWSsfal","action":"Initial GetUpdates", "result":"", "context":Reason: NEWLY_SUPPORTED_DATATYPE. cV=bPvuyYmiqY7y3iroWSsfal}
{"logTime": "1007/075231", "correlationVector":"bPvuyYmiqY7y3iroWSsfal.1","action":"SyncServerConnectionManagerRequest", "result":"SYNC_SERVER_OK", "context":{"environment":"Prod_southindia_prod-s01-004-apac-southindia", "migrationStage":"NotStarted", "server":"akswtt01800003z"}}
{"logTime": "1007/075231", "correlationVector":"bPvuyYmiqY7y3iroWSsfal.2","action":"ProcessGetUpdates", "result":"Done", "context":{"dataType":"Preferences", "deleted":"0", "process_failed_to_decrypt":"0", "process_pending_decryption":"0", "process_success":"35", "total":"35"}}
{"logTime": "1007/075231", "correlationVector":"bPvuyYmiqY7y3iroWSsfal.3","action":"ProcessGetUpdates", "result":"Done", "context":{"dataType":"Device Info", "deleted":"0", "process_failed_to_decrypt":"0", "process_pending_decryption":"0", "process_success":"1", "total":"1"}}
{"logTime": "1007/075231", "correlationVector":"bPvuyYmiqY7y3iroWSsfal.4","action":"GetUpdates Response", "result":"Success", "context":Received 36 update(s). cV=bPvuyYmiqY7y3iroWSsfal.0;server=akswtt01800003z;cloudType=Consumer;environment=Prod_southindia_prod-s01-004-apac-southindia;migrationStage=NotStarted}
{"logTime": "1007/075231", "correlationVector":"kbC/17NkHbs1a1HLunGO7L","action":"Initial GetUpdates", "result":"", "context":Reason: NEWLY_SUPPORTED_DATATYPE. cV=kbC/17NkHbs1a1HLunGO7L}
{"logTime": "1007/075231", "correlationVector":"kbC/17NkHbs1a1HLunGO7L.1","action":"SyncServerConnectionManagerRequest", "result":"SYNC_SERVER_OK", "context":{"environment":"Prod_southindia_prod-s01-004-apac-southindia", "migrationStage":"NotStarted", "server":"akswtt01800004f"}}
{"logTime": "1007/075231", "correlationVector":"kbC/17NkHbs1a1HLunGO7L.2","action":"ProcessGetUpdates", "result":"Done", "context":{"dataType":"Bookmarks", "deleted":"0", "process_failed_to_decrypt":"0", "process_pending_decryption":"0", "process_success":"6", "total":"6"}}
{"logTime": "1007/075231", "correlationVector":"kbC/17NkHbs1a1HLunGO7L.3","action":"GetUpdates Response", "result":"Success", "context":Received 6 update(s). cV=kbC/17NkHbs1a1HLunGO7L.0;server=akswtt01800004f;cloudType=Consumer;environment=Prod_southindia_prod-s01-004-apac-southindia;migrationStage=NotStarted}
{"logTime": "1007/075231", "correlationVector":"7xe61iY4qnmxkp/qN/pkCj","action":"Initial GetUpdates", "result":"", "context":Reason: NEWLY_SUPPORTED_DATATYPE. cV=7xe61iY4qnmxkp/qN/pkCj}
{"logTime": "1007/075231", "correlationVector":"7xe61iY4qnmxkp/qN/pkCj.1","action":"SyncServerConnectionManagerRequest", "result":"SYNC_SERVER_OK", "context":{"environment":"Prod_southindia_prod-s01-004-apac-southindia", "migrationStage":"NotStarted", "server":"akswtt018000029"}}
{"logTime": "1007/075231", "correlationVector":"7xe61iY4qnmxkp/qN/pkCj.2","action":"ProcessGetUpdates", "result":"Done", "context":{"dataType":"Autofill", "deleted":"0", "process_failed_to_decrypt":"0", "process_pending_decryption":"0", "process_success":"1", "total":"1"}}
{"logTime": "1007/075231", "correlationVector":"7xe61iY4qnmxkp/qN/pkCj.3","action":"ProcessGetUpdates", "result":"Done", "context":{"dataType":"Edge Hub App Usage", "deleted":"0", "process_failed_to_decrypt":"0", "process_pending_decryption":"0", "process_success":"1", "total":"1"}}
{"logTime": "1007/075231", "correlationVector":"7xe61iY4qnmxkp/qN/pkCj.4","action":"GetUpdates Response", "result":"Success", "context":Received 2 update(s). cV=7xe61iY4qnmxkp/qN/pkCj.0;server=akswtt018000029;cloudType=Consumer;environment=Prod_southindia_prod-s01-004-apac-southindia;migrationStage=NotStarted}
{"logTime": "1007/075232", "correlationVector":"sgzcYNGv42OxNAP9A7cqov","action":"Initial GetUpdates", "result":"", "context":Reason: NEWLY_SUPPORTED_DATATYPE. cV=sgzcYNGv42OxNAP9A7cqov}
{"logTime": "1007/075232", "correlationVector":"sgzcYNGv42OxNAP9A7cqov.1","action":"SyncServerConnectionManagerRequest", "result":"SYNC_SERVER_OK", "context":{"environment":"Prod_southindia_prod-s01-004-apac-southindia", "migrationStage":"NotStarted", "server":"akswtt018000055"}}
{"logTime": "1007/075232", "correlationVector":"sgzcYNGv42OxNAP9A7cqov.2","action":"GetUpdates Response", "result":"Success", "context":Received 0 update(s). cV=sgzcYNGv42OxNAP9A7cqov.0;server=akswtt018000055;cloudType=Consumer;environment=Prod_southindia_prod-s01-004-apac-southindia;migrationStage=NotStarted}
{"logTime": "1007/075232", "correlationVector":"uxTxPqcHK45l2Xple3e8lp","action":"Normal GetUpdate request", "result":"", "context":cV=uxTxPqcHK45l2Xple3e8lp
Nudged types: Sessions, Device Info, User Consents
Refresh requested types: Bookmarks, Preferences, Passwords, Autofill Profiles, Autofill, Extensions, Sessions, Extension settings, History Delete Directives, Device Info, User Consents, Send Tab To Self, Web Apps, History, Saved Tab Group, WebAuthn Credentials, Collection, Edge E Drop, Edge Hub App Usage, Edge Wallet, Encryption Keys}
{"logTime": "1007/075232", "correlationVector":"uxTxPqcHK45l2Xple3e8lp.1","action":"SyncServerConnectionManagerRequest", "result":"SYNC_SERVER_OK", "context":{"environment":"Prod_southindia_prod-s01-004-apac-southindia", "migrationStage":"NotStarted", "server":"akswtt01800005b"}}
{"logTime": "1007/075232", "correlationVector":"uxTxPqcHK45l2Xple3e8lp.2","action":"GetUpdates Response", "result":"Success", "context":Received 0 update(s). cV=uxTxPqcHK45l2Xple3e8lp.0;server=akswtt01800005b;cloudType=Consumer;environment=Prod_southindia_prod-s01-004-apac-southindia;migrationStage=NotStarted}
{"logTime": "1007/075232", "correlationVector":"rKbomo1aMgl3kyRdeBs+iy","action":"DoCompareDataConsistency requsted types: ", "result":"Bookmarks, Preferences, Passwords, Extensions, Extension settings, History Delete Directives, Send Tab To Self, Web Apps, History, Saved Tab Group, WebAuthn Credentials, Collection, Edge E Drop, Edge Wallet, Encryption Keys"}
{"logTime": "1007/075232", "correlationVector":"rKbomo1aMgl3kyRdeBs+iy.0","action":"CompareDataConsistency result: ", "result":"Compare result: Encryption Keys is consistent. local entities count is: 1 local entities hash is: 99PhE4pHnpqONKsDb7SSlPc8UY8="}
{"logTime": "1007/075232", "correlationVector":"rKbomo1aMgl3kyRdeBs+iy.1","action":"CompareDataConsistency result: ", "result":"Compare result: Bookmarks is consistent. local entities count is: 0 local entities hash is: "}
{"logTime": "1007/075232", "correlationVector":"rKbomo1aMgl3kyRdeBs+iy.2","action":"CompareDataConsistency result: ", "result":"Compare result: Preferences is consistent. local entities count is: 35 local entities hash is: hL4IwPALsWRCxpFkbZQm8CWSFj0="}
{"logTime": "1007/075232", "correlationVector":"rKbomo1aMgl3kyRdeBs+iy.3","action":"CompareDataConsistency result: ", "result":"Compare result: Extensions is consistent. local entities count is: 0 local entities hash is: "}
{"logTime": "1007/075232", "correlationVector":"rKbomo1aMgl3kyRdeBs+iy.4","action":"CompareDataConsistency result: ", "result":"Compare result: Extension settings is consistent. local entities count is: 0 local entities hash is: "}
{"logTime": "1007/075232", "correlationVector":"rKbomo1aMgl3kyRdeBs+iy.5","action":"CompareDataConsistency result: ", "result":"Compare result: History Delete Directives is consistent. local entities count is: 0 local entities hash is: "}
{"logTime": "1007/075232", "correlationVector":"rKbomo1aMgl3kyRdeBs+iy.6","action":"CompareDataConsistency result: ", "result":"Server did not send this Send Tab To Self local entities count is: 0 local entities hash is: "}
{"logTime": "1007/075232", "correlationVector":"rKbomo1aMgl3kyRdeBs+iy.7","action":"CompareDataConsistency result: ", "result":"Compare result: Web Apps is consistent. local entities count is: 0 local entities hash is: "}
{"logTime": "1007/075232", "correlationVector":"rKbomo1aMgl3kyRdeBs+iy.8","action":"CompareDataConsistency result: ", "result":"Server did not send this History local entities count is: 0 local entities hash is: "}
{"logTime": "1007/075232", "correlationVector":"rKbomo1aMgl3kyRdeBs+iy.9","action":"CompareDataConsistency result: ", "result":"Compare result: Saved Tab Group is consistent. local entities count is: 0 local entities hash is: "}
{"logTime": "1007/075232", "correlationVector":"rKbomo1aMgl3kyRdeBs+iy.10","action":"CompareDataConsistency result: ", "result":"Server did not send this WebAuthn Credentials local entities count is: 0 local entities hash is: "}
{"logTime": "1007/075232", "correlationVector":"rKbomo1aMgl3kyRdeBs+iy.11","action":"CompareDataConsistency result: ", "result":"Compare result: Collection is consistent. local entities count is: 0 local entities hash is: "}
{"logTime": "1007/075232", "correlationVector":"rKbomo1aMgl3kyRdeBs+iy.12","action":"CompareDataConsistency result: ", "result":"Compare result: Edge E Drop is consistent. local entities count is: 0 local entities hash is: "}
{"logTime": "1007/075232", "correlationVector":"rKbomo1aMgl3kyRdeBs+iy.13","action":"CompareDataConsistency result: ", "result":"Compare result: Edge Wallet is consistent. local entities count is: 0 local entities hash is: "}
{"logTime": "1007/075232", "correlationVector":"rKbomo1aMgl3kyRdeBs+iy.14","action":"CompareDataConsistency result: ", "result":"Compare result: Passwords is consistent. local entities count is: 0 local entities hash is: "}
{"logTime": "1007/075232", "correlationVector":"7G6u1OsTiWjtycFlFUT7Ck","action":"Commit Request", "result":"", "context":Item count: 5
Contributing types: Sessions, Device Info, User Consents}
{"logTime": "1007/075233", "correlationVector":"7G6u1OsTiWjtycFlFUT7Ck.1","action":"SyncServerConnectionManagerRequest", "result":"SYNC_SERVER_OK", "context":{"environment":"Prod_southindia_prod-s01-004-apac-southindia", "migrationStage":"NotStarted", "server":"akswtt018000010"}}
{"logTime": "1007/075233", "correlationVector":"7G6u1OsTiWjtycFlFUT7Ck.2","action":"Commit Response", "result":"Success", "context":Result: Success. cV=7G6u1OsTiWjtycFlFUT7Ck.0;server=akswtt018000010;cloudType=Consumer;environment=Prod_southindia_prod-s01-004-apac-southindia;migrationStage=NotStarted}
{"logTime": "1007/075233", "correlationVector":"","action":"DIAGNOSTIC_REQUEST|v1/diagnosticData/Diagnostic.SendCheckResult()|SUCCESS", "result":""}
